[debug] > Exec(early(addDefaultCommands), None, None)
[debug] > Exec(addDefaultCommands, None, None)
[debug] > Exec(early(initialize), None, None)
[debug] > Exec(initialize, None, None)
[debug] > Exec(early(addPluginSbtFile="""C:\Users\1\AppData\Local\Temp\idea.sbt"""), None, None)
[debug] > Exec(addPluginSbtFile="""C:\Users\1\AppData\Local\Temp\idea.sbt""", None, None)
[debug] > Exec(boot, None, None)
[debug] > Exec(writeSbtVersion, None, None)
[debug] > Exec(reload, None, None)
[debug] > Exec(sbtStashOnFailure, None, None)
[debug] > Exec(onFailure loadFailed, None, None)
[debug] > Exec(loadp, None, None)
[info] welcome to sbt 1.4.7 (AdoptOpenJDK Java 11.0.9.1)
[debug]       Load.loadUnit: plugins took 155.901ms
[debug]       Load.loadUnit: defsScala took 0.5152ms
[debug] [Loading] Scanning directory C:\Users\1\.sbt\1.0\plugins
[debug] [Loading] Found non-root projects 
[debug] [Loading] Done in C:\Users\1\.sbt\1.0\plugins, returning: ()
[debug] deducing auto plugins based on known facts Set(Atom(sbt.plugins.CorePlugin)) and clauses Clauses(List(Clause(Atom(sbt.plugins.JvmPlugin),Set(Atom(sbt.plugins.IvyPlugin))), Clause(Atom(sbt.ScriptedPlugin),Set(Atom(sbt.plugins.JvmPlugin))), Clause(Atom(sbt.plugins.SbtPlugin),Set(Atom(sbt.ScriptedPlugin))), Clause(Atom(sbt.plugins.SemanticdbPlugin),Set(Atom(sbt.plugins.JvmPlugin))), Clause(Atom(sbt.plugins.JUnitXmlReportPlugin),Set(Atom(sbt.plugins.JvmPlugin))), Clause(Atom(sbt.plugins.MiniDependencyTreePlugin),Set(Atom(sbt.plugins.JvmPlugin))), Clause(Atom(sbt.plugins.CorePlugin),Set(Atom(sbt.plugins.IvyPlugin))), Clause(Atom(sbt.plugins.IvyPlugin),Set(Atom(sbt.plugins.JvmPlugin))), Clause(Atom(sbt.plugins.JvmPlugin),Set(Atom(sbt.plugins.SemanticdbPlugin))), Clause(Atom(sbt.plugins.JvmPlugin),Set(Atom(sbt.plugins.JUnitXmlReportPlugin))), Clause(Atom(sbt.plugins.CorePlugin),Set(Atom(sbt.plugins.Giter8TemplatePlugin))), Clause(Atom(sbt.plugins.JvmPlugin),Set(Atom(sbt.plugins.MiniDependencyTreePlugin)))))
[debug]   :: deduced result: Matched(sbt.plugins.CorePlugin,sbt.plugins.Giter8TemplatePlugin,sbt.plugins.IvyPlugin,sbt.plugins.JvmPlugin,sbt.plugins.MiniDependencyTreePlugin,sbt.plugins.JUnitXmlReportPlugin,sbt.plugins.SemanticdbPlugin)
[debug] Plugins.deducer#function took 48.8152 ms
[debug]           Load.resolveProject(global-plugins) took 100.0428ms
[debug]         Load.loadTransitive: finalizeProject(Project(id global-plugins, base: C:\Users\1\.sbt\1.0\plugins, plugins: List(<none>))) took 202.0431ms
[debug] [Loading] Done in C:\Users\1\.sbt\1.0\plugins, returning: (global-plugins)
[debug]       Load.loadUnit: loadedProjectsRaw took 335.5003ms
[debug]       Load.loadUnit: cleanEvalClasses took 0.4636ms
[debug]     Load.loadUnit(file:/C:/Users/1/.sbt/1.0/plugins/, ...) took 509.3874ms
[debug]   Load.apply: load took 912.2349ms
[debug]   Load.apply: resolveProjects took 17.7216ms
[debug]   Load.apply: finalTransforms took 254.4367ms
[debug]   Load.apply: config.delegates took 27.9606ms
[debug]   Load.apply: Def.make(settings)... took 4049.4016ms
[debug]   Load.apply: structureIndex took 613.9545ms
[debug]   Load.apply: mkStreams took 2.9418ms
[info] loading global plugins from C:\Users\1\.sbt\1.0\plugins
[debug] Running task... Cancel: Signal, check cycles: false, forcegc: true
[debug] Load.defaultLoad until apply took 19023.6141ms
[debug]           Load.loadUnit: plugins took 157.6861ms
[debug]           Load.loadUnit: defsScala took 0.0187ms
[debug] [Loading] Scanning directory C:\projects\ChatBot\project
[debug]             Load.loadUnit: mkEval took 15.7459ms
[debug] [Loading] Found non-root projects 
[debug] [Loading] Done in C:\projects\ChatBot\project, returning: ()
[debug] deducing auto plugins based on known facts Set(Atom(sbt.plugins.CorePlugin)) and clauses Clauses(List(Clause(Atom(sbt.plugins.JvmPlugin),Set(Atom(sbt.plugins.IvyPlugin))), Clause(Atom(sbt.ScriptedPlugin),Set(Atom(sbt.plugins.JvmPlugin))), Clause(Atom(sbt.plugins.SbtPlugin),Set(Atom(sbt.ScriptedPlugin))), Clause(Atom(sbt.plugins.SemanticdbPlugin),Set(Atom(sbt.plugins.JvmPlugin))), Clause(Atom(sbt.plugins.JUnitXmlReportPlugin),Set(Atom(sbt.plugins.JvmPlugin))), Clause(Atom(sbt.plugins.MiniDependencyTreePlugin),Set(Atom(sbt.plugins.JvmPlugin))), Clause(Atom(sbt.plugins.CorePlugin),Set(Atom(sbt.plugins.IvyPlugin))), Clause(Atom(sbt.plugins.IvyPlugin),Set(Atom(sbt.plugins.JvmPlugin))), Clause(Atom(sbt.plugins.JvmPlugin),Set(Atom(sbt.plugins.SemanticdbPlugin))), Clause(Atom(sbt.plugins.JvmPlugin),Set(Atom(sbt.plugins.JUnitXmlReportPlugin))), Clause(Atom(sbt.plugins.CorePlugin),Set(Atom(sbt.plugins.Giter8TemplatePlugin))), Clause(Atom(sbt.plugins.JvmPlugin),Set(Atom(sbt.plugins.MiniDependencyTreePlugin)))))
[debug]   :: deduced result: Matched(sbt.plugins.CorePlugin,sbt.plugins.Giter8TemplatePlugin,sbt.plugins.IvyPlugin,sbt.plugins.JvmPlugin,sbt.plugins.MiniDependencyTreePlugin,sbt.plugins.JUnitXmlReportPlugin,sbt.plugins.SemanticdbPlugin)
[debug] Plugins.deducer#function took 4.7899 ms
[info] loading settings for project chatbot-build from idea.sbt ...
[debug]               Load.resolveProject(chatbot-build) took 39.1194ms
[debug]             Load.loadTransitive: finalizeProject(Project(id chatbot-build, base: C:\projects\ChatBot\project, plugins: List(<none>))) took 45.6068ms
[debug] [Loading] Done in C:\projects\ChatBot\project, returning: (chatbot-build)
[debug]           Load.loadUnit: loadedProjectsRaw took 632.5501ms
[debug]           Load.loadUnit: cleanEvalClasses took 9.6477ms
[debug]         Load.loadUnit(file:/C:/projects/ChatBot/project/, ...) took 803.5033ms
[debug]       Load.apply: load took 806.7468ms
[debug]       Load.apply: resolveProjects took 0.1838ms
[debug]       Load.apply: finalTransforms took 14.6106ms
[debug]       Load.apply: config.delegates took 0.8462ms
[debug]       Load.apply: Def.make(settings)... took 713.635ms
[debug]       Load.apply: structureIndex took 49.3953ms
[debug]       Load.apply: mkStreams took 0.0034ms
[info] loading project definition from C:\projects\ChatBot\project
[debug] Running task... Cancel: Signal, check cycles: false, forcegc: true
[debug]     Load.loadUnit: plugins took 3960.33ms
[debug]     Load.loadUnit: defsScala took 0.0087ms
[debug] [Loading] Scanning directory C:\projects\ChatBot
[debug]       Load.loadUnit: mkEval took 0.4446ms
[debug] [Loading] Found non-root projects 
[debug] [Loading] Done in C:\projects\ChatBot, returning: ()
[debug] deducing auto plugins based on known facts Set(Atom(sbt.plugins.CorePlugin)) and clauses Clauses(List(Clause(Atom(sbt.plugins.JvmPlugin),Set(Atom(sbt.plugins.IvyPlugin))), Clause(Atom(sbt.ScriptedPlugin),Set(Atom(sbt.plugins.JvmPlugin))), Clause(Atom(sbt.plugins.SbtPlugin),Set(Atom(sbt.ScriptedPlugin))), Clause(Atom(sbt.plugins.SemanticdbPlugin),Set(Atom(sbt.plugins.JvmPlugin))), Clause(Atom(sbt.plugins.JUnitXmlReportPlugin),Set(Atom(sbt.plugins.JvmPlugin))), Clause(Atom(sbt.plugins.MiniDependencyTreePlugin),Set(Atom(sbt.plugins.JvmPlugin))), Clause(Atom(org.jetbrains.sbt.StructurePlugin),Set(Atom(sbt.plugins.JvmPlugin))), Clause(Atom(org.jetbrains.sbt.IdeaShellPlugin),Set(Atom(sbt.plugins.JvmPlugin))), Clause(Atom(org.jetbrains.sbt.indices.SbtIntellijIndicesPlugin),Set(Atom(sbt.plugins.JvmPlugin))), Clause(Atom(sbt.plugins.CorePlugin),Set(Atom(sbt.plugins.IvyPlugin))), Clause(Atom(sbt.plugins.IvyPlugin),Set(Atom(sbt.plugins.JvmPlugin))), Clause(Atom(sbt.plugins.JvmPlugin),Set(Atom(sbt.plugins.SemanticdbPlugin))), Clause(Atom(sbt.plugins.JvmPlugin),Set(Atom(sbt.plugins.JUnitXmlReportPlugin))), Clause(Atom(sbt.plugins.CorePlugin),Set(Atom(sbt.plugins.Giter8TemplatePlugin))), Clause(Atom(sbt.plugins.JvmPlugin),Set(Atom(sbt.plugins.MiniDependencyTreePlugin))), Clause(Atom(sbt.plugins.JvmPlugin),Set(Atom(org.jetbrains.sbt.StructurePlugin))), Clause(Atom(sbt.plugins.JvmPlugin),Set(Atom(org.jetbrains.sbt.IdeaShellPlugin))), Clause(And(Set(Atom(sbt.plugins.CorePlugin), Atom(sbt.plugins.JvmPlugin))),Set(Atom(org.jetbrains.sbt.indices.SbtIntellijIndicesPlugin)))))
[debug]   :: deduced result: Matched(sbt.plugins.CorePlugin,sbt.plugins.Giter8TemplatePlugin,sbt.plugins.IvyPlugin,sbt.plugins.JvmPlugin,sbt.plugins.SemanticdbPlugin,org.jetbrains.sbt.indices.SbtIntellijIndicesPlugin,sbt.plugins.JUnitXmlReportPlugin,org.jetbrains.sbt.IdeaShellPlugin,org.jetbrains.sbt.StructurePlugin,sbt.plugins.MiniDependencyTreePlugin)
[debug] Plugins.deducer#function took 7.8968 ms
[info] loading settings for project chatbot from build.sbt ...
[debug]         Load.resolveProject(chatbot) took 165.4713ms
[debug]       Load.loadTransitive: finalizeProject(Project(id chatbot, base: C:\projects\ChatBot, plugins: List(<none>))) took 177.1383ms
[debug] [Loading] Done in C:\projects\ChatBot, returning: (chatbot)
[debug]     Load.loadUnit: loadedProjectsRaw took 350.8973ms
[debug]     Load.loadUnit: cleanEvalClasses took 13.7434ms
[debug]   Load.loadUnit(file:/C:/projects/ChatBot/, ...) took 4328.1912ms
[debug] Load.apply: load took 4331.2828ms
[debug] Load.apply: resolveProjects took 0.1816ms
[debug] Load.apply: finalTransforms took 75.9757ms
[debug] Load.apply: config.delegates took 0.5527ms
[debug] Load.apply: Def.make(settings)... took 492.4096ms
[debug] Load.apply: structureIndex took 306.0394ms
[debug] Load.apply: mkStreams took 0.0045ms
[info] set current project to ChatBot (in build file:/C:/projects/ChatBot/)
[debug] > Exec(sbtPopOnFailure, None, None)
[debug] > Exec(resumeFromFailure, None, None)
[debug] > Exec(notifyUsersAboutShell, None, None)
[debug] > Exec(iflast shell, None, None)
[debug] > Exec(; set ideaPort in Global := 54694 ; idea-shell, None, None)
[debug] > Exec(set ideaPort in Global := 54694, None, None)
[info] Defining Global / ideaPort
[info] The new value will be used by Compile / compile, Test / compile
[debug] Defining 
[debug] 	Global / ideaPort
[debug] 
[debug] The new value will be used by 
[debug] 	Compile / compile
[debug] 	Test / compile
[info] Reapplying settings...
[info] set current project to ChatBot (in build file:/C:/projects/ChatBot/)
[debug] > Exec(idea-shell, None, None)
